TN:
SF:src\controllers\eventController.js
FN:3,fetchUsers
FN:13,sendInvitations
FNF:2
FNH:2
FNDA:2,fetchUsers
FNDA:2,sendInvitations
DA:1,1
DA:2,1
DA:3,1
DA:4,2
DA:5,2
DA:6,1
DA:7,1
DA:8,1
DA:9,1
DA:10,1
DA:11,2
DA:12,1
DA:13,1
DA:14,2
DA:15,2
DA:16,3
DA:17,3
DA:18,2
DA:19,2
DA:20,2
DA:21,2
DA:22,2
DA:23,2
DA:24,2
DA:25,1
DA:26,1
DA:27,1
DA:28,1
DA:29,3
DA:30,1
DA:31,1
DA:32,1
DA:33,1
DA:34,1
DA:35,2
DA:36,1
DA:37,1
DA:38,1
DA:39,1
DA:40,1
LF:40
LH:40
BRDA:3,0,0,2
BRDA:5,1,0,1
BRDA:13,2,0,2
BRDA:15,3,0,3
BRDA:17,4,0,2
BRDA:25,5,0,1
BRDA:29,6,0,1
BRDA:16,7,0,5
BRF:8
BRH:8
end_of_record
