TN:
SF:src\controllers\eventController.js
FN:3,fetchUsers
FN:13,sendInvitations
FNF:2
FNH:2
FNDA:2,fetchUsers
FNDA:1,sendInvitations
DA:1,1
DA:2,1
DA:3,1
DA:4,2
DA:5,2
DA:6,1
DA:7,1
DA:8,1
DA:9,1
DA:10,1
DA:11,2
DA:12,1
DA:13,1
DA:14,1
DA:15,1
DA:16,2
DA:17,2
DA:18,2
DA:19,2
DA:20,2
DA:21,2
DA:22,2
DA:23,2
DA:24,2
DA:25,2
DA:26,1
DA:27,0
DA:28,0
DA:29,1
DA:30,1
DA:31,1
DA:32,1
DA:33,1
DA:34,1
LF:34
LH:32
BRDA:3,0,0,2
BRDA:5,1,0,1
BRDA:13,2,0,1
BRDA:15,3,0,2
BRDA:26,4,0,0
BRDA:16,5,0,3
BRF:6
BRH:5
end_of_record
